<?xml version="1.0" encoding="UTF-8"?>
<!-- Generated by org.testng.reporters.JUnitReportReporter -->
<testsuite hostname="DESKTOP-D67E6OU" failures="0" tests="10" name="runner.WebApp" time="168.037" errors="0" timestamp="2022-01-19T19:39:37 IST" skipped="0">
  <testcase classname="runner.WebApp" name="LocalPage" time="21.370"/>
  <system-out/>
  <testcase classname="runner.WebApp" name="HomePage" time="6.696"/>
  <system-out/>
  <testcase classname="runner.WebApp" name="SignUp" time="12.133"/>
  <system-out/>
  <testcase classname="runner.WebApp" name="HomepageLogin" time="9.602"/>
  <system-out/>
  <testcase classname="runner.WebApp" name="AboutPage" time="11.545"/>
  <system-out/>
  <testcase classname="runner.WebApp" name="ContactPage" time="10.956"/>
  <system-out/>
  <testcase classname="runner.WebApp" name="OnewayPage" time="17.235"/>
  <system-out/>
  <testcase classname="runner.WebApp" name="OutstationPage" time="25.888"/>
  <system-out/>
  <testcase classname="runner.WebApp" name="AirportPage" time="28.791"/>
  <system-out/>
  <testcase classname="runner.WebApp" name="CorporatePage" time="23.821"/>
  <system-out/>
</testsuite> <!-- runner.WebApp -->
